  OpenGLMeshLoader19.cpp
C:\Users\Omar Galal\Downloads\GUC_312_55_12207_2021-11-23T09_42_39\OpenGLMeshLoader19 - sky\TextureBuilder.h(27,52): warning C4244: 'argument': conversion from 'int' to 'GLfloat', possible loss of data
C:\Users\Omar Galal\Downloads\GUC_312_55_12207_2021-11-23T09_42_39\OpenGLMeshLoader19 - sky\TextureBuilder.h(28,52): warning C4244: 'argument': conversion from 'int' to 'GLfloat', possible loss of data
C:\Users\Omar Galal\Downloads\GUC_312_55_12207_2021-11-23T09_42_39\OpenGLMeshLoader19 - sky\OpenGLMeshLoader19.cpp(410,38): warning C4838: conversion from 'double' to 'GLfloat' requires a narrowing conversion
C:\Users\Omar Galal\Downloads\GUC_312_55_12207_2021-11-23T09_42_39\OpenGLMeshLoader19 - sky\OpenGLMeshLoader19.cpp(411,27): warning C4838: conversion from 'double' to 'GLfloat' requires a narrowing conversion
C:\Users\Omar Galal\Downloads\GUC_312_55_12207_2021-11-23T09_42_39\OpenGLMeshLoader19 - sky\OpenGLMeshLoader19.cpp(411,44): warning C4838: conversion from 'bool' to 'GLfloat' requires a narrowing conversion
C:\Users\Omar Galal\Downloads\GUC_312_55_12207_2021-11-23T09_42_39\OpenGLMeshLoader19 - sky\OpenGLMeshLoader19.cpp(412,28): warning C4838: conversion from 'double' to 'GLfloat' requires a narrowing conversion
C:\Users\Omar Galal\Downloads\GUC_312_55_12207_2021-11-23T09_42_39\OpenGLMeshLoader19 - sky\OpenGLMeshLoader19.cpp(421,38): warning C4838: conversion from 'double' to 'GLfloat' requires a narrowing conversion
C:\Users\Omar Galal\Downloads\GUC_312_55_12207_2021-11-23T09_42_39\OpenGLMeshLoader19 - sky\OpenGLMeshLoader19.cpp(422,27): warning C4838: conversion from 'double' to 'GLfloat' requires a narrowing conversion
C:\Users\Omar Galal\Downloads\GUC_312_55_12207_2021-11-23T09_42_39\OpenGLMeshLoader19 - sky\OpenGLMeshLoader19.cpp(422,45): warning C4838: conversion from 'bool' to 'GLfloat' requires a narrowing conversion
C:\Users\Omar Galal\Downloads\GUC_312_55_12207_2021-11-23T09_42_39\OpenGLMeshLoader19 - sky\OpenGLMeshLoader19.cpp(423,28): warning C4838: conversion from 'double' to 'GLfloat' requires a narrowing conversion
C:\Users\Omar Galal\Downloads\GUC_312_55_12207_2021-11-23T09_42_39\OpenGLMeshLoader19 - sky\OpenGLMeshLoader19.cpp(432,38): warning C4838: conversion from 'double' to 'GLfloat' requires a narrowing conversion
C:\Users\Omar Galal\Downloads\GUC_312_55_12207_2021-11-23T09_42_39\OpenGLMeshLoader19 - sky\OpenGLMeshLoader19.cpp(433,27): warning C4838: conversion from 'double' to 'GLfloat' requires a narrowing conversion
C:\Users\Omar Galal\Downloads\GUC_312_55_12207_2021-11-23T09_42_39\OpenGLMeshLoader19 - sky\OpenGLMeshLoader19.cpp(433,45): warning C4838: conversion from 'bool' to 'GLfloat' requires a narrowing conversion
C:\Users\Omar Galal\Downloads\GUC_312_55_12207_2021-11-23T09_42_39\OpenGLMeshLoader19 - sky\OpenGLMeshLoader19.cpp(434,28): warning C4838: conversion from 'double' to 'GLfloat' requires a narrowing conversion
C:\Users\Omar Galal\Downloads\GUC_312_55_12207_2021-11-23T09_42_39\OpenGLMeshLoader19 - sky\OpenGLMeshLoader19.cpp(1094,3): warning C4996: 'sprintf': This function or variable may be unsafe. Consider using sprintf_s instead. To disable deprecation, use _CRT_SECURE_NO_WARNINGS. See online help for details.
C:\Users\Omar Galal\Downloads\GUC_312_55_12207_2021-11-23T09_42_39\OpenGLMeshLoader19 - sky\OpenGLMeshLoader19.cpp(1115,3): warning C4996: 'sprintf': This function or variable may be unsafe. Consider using sprintf_s instead. To disable deprecation, use _CRT_SECURE_NO_WARNINGS. See online help for details.
C:\Users\Omar Galal\Downloads\GUC_312_55_12207_2021-11-23T09_42_39\OpenGLMeshLoader19 - sky\OpenGLMeshLoader19.cpp(1603,3): warning C4996: 'sprintf': This function or variable may be unsafe. Consider using sprintf_s instead. To disable deprecation, use _CRT_SECURE_NO_WARNINGS. See online help for details.
C:\Users\Omar Galal\Downloads\GUC_312_55_12207_2021-11-23T09_42_39\OpenGLMeshLoader19 - sky\OpenGLMeshLoader19.cpp(1651,2): warning C4996: 'sprintf': This function or variable may be unsafe. Consider using sprintf_s instead. To disable deprecation, use _CRT_SECURE_NO_WARNINGS. See online help for details.
C:\Users\Omar Galal\Downloads\GUC_312_55_12207_2021-11-23T09_42_39\OpenGLMeshLoader19 - sky\OpenGLMeshLoader19.cpp(1709,3): warning C4996: 'sprintf': This function or variable may be unsafe. Consider using sprintf_s instead. To disable deprecation, use _CRT_SECURE_NO_WARNINGS. See online help for details.
C:\Users\Omar Galal\Downloads\GUC_312_55_12207_2021-11-23T09_42_39\OpenGLMeshLoader19 - sky\OpenGLMeshLoader19.cpp(1766,2): warning C4996: 'sprintf': This function or variable may be unsafe. Consider using sprintf_s instead. To disable deprecation, use _CRT_SECURE_NO_WARNINGS. See online help for details.
GLTexture.obj : warning LNK4075: ignoring '/EDITANDCONTINUE' due to '/INCREMENTAL:NO' specification
  OpenGLMeshLoader.vcxproj -> C:\Users\Omar Galal\Downloads\GUC_312_55_12207_2021-11-23T09_42_39\OpenGLMeshLoader19 - sky\Debug\OpenGLMeshLoader19.exe
